<?xml version="1.0" encoding="UTF-8"?>
<!-- Generated by org.testng.reporters.JUnitReportReporter -->
<testsuite hostname="DESKTOP-JOQGUVP" failures="0" tests="1" name="com.crm.qa.testcases.FreeCrmTest" time="27.543" errors="0" timestamp="07 Sep 2021 15:01:56 GMT" skipped="0">
  <testcase classname="com.crm.qa.testcases.FreeCrmTest" name="freeCrmTitleTest" time="27.543"/>
</testsuite> <!-- com.crm.qa.testcases.FreeCrmTest -->
