<?xml version="1.0" encoding="UTF-8"?>
<!-- Generated by org.testng.reporters.JUnitReportReporter -->
<testsuite hostname="DESKTOP-JOQGUVP" failures="0" tests="1" name="com.crm.qa.base.TestBase" time="0.017" errors="0" timestamp="07 Sep 2021 19:48:55 GMT" skipped="0">
  <testcase classname="com.crm.qa.base.TestBase" name="Sample" time="0.017"/>
</testsuite> <!-- com.crm.qa.base.TestBase -->
