<?xml version="1.0" encoding="UTF-8"?>
<!-- Generated by org.testng.reporters.JUnitReportReporter -->
<testsuite hostname="DESKTOP-JOQGUVP" failures="0" tests="4" name="com.crm.qa.testcases.DataProviderExample" time="0.017" errors="0" timestamp="16 Sep 2021 09:05:28 GMT" skipped="0">
  <testcase classname="com.crm.qa.testcases.DataProviderExample" name="readDataParameterization" time="0.013"/>
  <testcase classname="com.crm.qa.testcases.DataProviderExample" name="validateCreateNewContact" time="0.002"/>
  <testcase classname="com.crm.qa.testcases.DataProviderExample" name="validateCreateNewContact" time="0.000"/>
  <testcase classname="com.crm.qa.testcases.DataProviderExample" name="validateCreateNewContact" time="0.002"/>
</testsuite> <!-- com.crm.qa.testcases.DataProviderExample -->
